Arguments: 
  /Users/seonghunshin/.nvm/versions/node/v10.13.0/bin/node /Users/seonghunshin/.nvm/versions/node/v10.13.0/bin/yarn add no-unused-expressions

PATH: 
  /Users/seonghunshin/.nvm/versions/node/v10.13.0/bin:/usr/local/bin:/usr/bin:/bin:/usr/sbin:/sbin

Yarn version: 
  1.12.3

Node version: 
  10.13.0

Platform: 
  darwin x64

Trace: 
  Error: https://registry.yarnpkg.com/no-unused-expressions: Not found
      at Request.params.callback [as _callback] (/Users/seonghunshin/.nvm/versions/node/v10.13.0/lib/node_modules/yarn/lib/cli.js:65894:18)
      at Request.self.callback (/Users/seonghunshin/.nvm/versions/node/v10.13.0/lib/node_modules/yarn/lib/cli.js:129018:22)
      at Request.emit (events.js:182:13)
      at Request.<anonymous> (/Users/seonghunshin/.nvm/versions/node/v10.13.0/lib/node_modules/yarn/lib/cli.js:129990:10)
      at Request.emit (events.js:182:13)
      at IncomingMessage.<anonymous> (/Users/seonghunshin/.nvm/versions/node/v10.13.0/lib/node_modules/yarn/lib/cli.js:129912:12)
      at Object.onceWrapper (events.js:273:13)
      at IncomingMessage.emit (events.js:187:15)
      at endReadableNT (_stream_readable.js:1094:12)
      at process._tickCallback (internal/process/next_tick.js:63:19)

npm manifest: 
  {
    "dependencies": {
      "eslint-config-react-app": "^3.0.6",
      "eslint-plugin-flowtype": "^3.2.1"
    }
  }

yarn manifest: 
  No manifest

Lockfile: 
  # THIS IS AN AUTOGENERATED FILE. DO NOT EDIT THIS FILE DIRECTLY.
  # yarn lockfile v1
  
  
  confusing-browser-globals@^1.0.5:
    version "1.0.5"
    resolved "https://registry.yarnpkg.com/confusing-browser-globals/-/confusing-browser-globals-1.0.5.tgz#0171050cfdd4261e278978078bc00c4d88e135f4"
    integrity sha512-tHo1tQL/9Ox5RELbkCAJhnViqWlzBz3MG1bB2czbHjH2mWd4aYUgNCNLfysFL7c4LoDws7pjg2tj48Gmpw4QHA==
  
  eslint-config-react-app@^3.0.6:
    version "3.0.6"
    resolved "https://registry.yarnpkg.com/eslint-config-react-app/-/eslint-config-react-app-3.0.6.tgz#addcae1359235941e95f3c96970b7ac8552e1130"
    integrity sha512-VL5rA1EBZv7f9toc9x71or7nr4jRmwCH4V9JKB9DFVaTLOLI9+vjWLgQLjMu3xR9iUT80dty86RbCfNaKyrFFg==
    dependencies:
      confusing-browser-globals "^1.0.5"
  
  eslint-plugin-flowtype@^3.2.1:
    version "3.2.1"
    resolved "https://registry.yarnpkg.com/eslint-plugin-flowtype/-/eslint-plugin-flowtype-3.2.1.tgz#45e032aee54e695dfc41a891e92b7afedfc62c77"
    integrity sha512-1lymqM8Cawxu5xsS8TaCrLWJYUmUdoG4hCfa7yWOhCf0qZn/CvI8FxqkhdOP6bAosBn5zeYxKe3Q/4rfKN8a+A==
    dependencies:
      lodash "^4.17.10"
  
  lodash@^4.17.10:
    version "4.17.11"
    resolved "https://registry.yarnpkg.com/lodash/-/lodash-4.17.11.tgz#b39ea6229ef607ecd89e2c8df12536891cac9b8d"
    integrity sha512-cQKh8igo5QUhZ7lg38DYWAxMvjSAKG0A8wGSVimP07SIUEK2UO+arSRKbRZWtelMtN5V0Hkwh5ryOto/SshYIg==
